INFO: [VRFC 10-2263] Analyzing SystemVerilog file "D:/PROJECT_WORK_SUT/Smart Home Microprocessor/CPU-8Bit/CPU_8/CPU_8.srcs/sources_1/new/CPU.v" into library xil_defaultlib
INFO: [VRFC 10-311] analyzing module CPU
WARNING: [VRFC 10-3380] identifier 'ir' is used before its declaration [D:/PROJECT_WORK_SUT/Smart Home Microprocessor/CPU-8Bit/CPU_8/CPU_8.srcs/sources_1/new/CPU.v:41]
WARNING: [VRFC 10-3380] identifier 'stage' is used before its declaration [D:/PROJECT_WORK_SUT/Smart Home Microprocessor/CPU-8Bit/CPU_8/CPU_8.srcs/sources_1/new/CPU.v:51]
WARNING: [VRFC 10-3380] identifier 'ir' is used before its declaration [D:/PROJECT_WORK_SUT/Smart Home Microprocessor/CPU-8Bit/CPU_8/CPU_8.srcs/sources_1/new/CPU.v:53]
WARNING: [VRFC 10-3380] identifier 'ir' is used before its declaration [D:/PROJECT_WORK_SUT/Smart Home Microprocessor/CPU-8Bit/CPU_8/CPU_8.srcs/sources_1/new/CPU.v:55]
WARNING: [VRFC 10-3380] identifier 'ir' is used before its declaration [D:/PROJECT_WORK_SUT/Smart Home Microprocessor/CPU-8Bit/CPU_8/CPU_8.srcs/sources_1/new/CPU.v:57]
WARNING: [VRFC 10-3380] identifier 'ir' is used before its declaration [D:/PROJECT_WORK_SUT/Smart Home Microprocessor/CPU-8Bit/CPU_8/CPU_8.srcs/sources_1/new/CPU.v:59]
WARNING: [VRFC 10-3380] identifier 'ir' is used before its declaration [D:/PROJECT_WORK_SUT/Smart Home Microprocessor/CPU-8Bit/CPU_8/CPU_8.srcs/sources_1/new/CPU.v:69]
WARNING: [VRFC 10-3380] identifier 'stage' is used before its declaration [D:/PROJECT_WORK_SUT/Smart Home Microprocessor/CPU-8Bit/CPU_8/CPU_8.srcs/sources_1/new/CPU.v:79]
WARNING: [VRFC 10-3380] identifier 'ir' is used before its declaration [D:/PROJECT_WORK_SUT/Smart Home Microprocessor/CPU-8Bit/CPU_8/CPU_8.srcs/sources_1/new/CPU.v:81]
WARNING: [VRFC 10-3380] identifier 'ir' is used before its declaration [D:/PROJECT_WORK_SUT/Smart Home Microprocessor/CPU-8Bit/CPU_8/CPU_8.srcs/sources_1/new/CPU.v:83]
WARNING: [VRFC 10-3380] identifier 'ir' is used before its declaration [D:/PROJECT_WORK_SUT/Smart Home Microprocessor/CPU-8Bit/CPU_8/CPU_8.srcs/sources_1/new/CPU.v:85]
WARNING: [VRFC 10-3380] identifier 'ir' is used before its declaration [D:/PROJECT_WORK_SUT/Smart Home Microprocessor/CPU-8Bit/CPU_8/CPU_8.srcs/sources_1/new/CPU.v:95]
WARNING: [VRFC 10-3380] identifier 'ir' is used before its declaration [D:/PROJECT_WORK_SUT/Smart Home Microprocessor/CPU-8Bit/CPU_8/CPU_8.srcs/sources_1/new/CPU.v:97]
WARNING: [VRFC 10-3380] identifier 'ir' is used before its declaration [D:/PROJECT_WORK_SUT/Smart Home Microprocessor/CPU-8Bit/CPU_8/CPU_8.srcs/sources_1/new/CPU.v:99]
WARNING: [VRFC 10-3380] identifier 'ir' is used before its declaration [D:/PROJECT_WORK_SUT/Smart Home Microprocessor/CPU-8Bit/CPU_8/CPU_8.srcs/sources_1/new/CPU.v:101]
WARNING: [VRFC 10-3380] identifier 'ir' is used before its declaration [D:/PROJECT_WORK_SUT/Smart Home Microprocessor/CPU-8Bit/CPU_8/CPU_8.srcs/sources_1/new/CPU.v:103]
WARNING: [VRFC 10-3380] identifier 'ir' is used before its declaration [D:/PROJECT_WORK_SUT/Smart Home Microprocessor/CPU-8Bit/CPU_8/CPU_8.srcs/sources_1/new/CPU.v:105]
WARNING: [VRFC 10-3380] identifier 'ir' is used before its declaration [D:/PROJECT_WORK_SUT/Smart Home Microprocessor/CPU-8Bit/CPU_8/CPU_8.srcs/sources_1/new/CPU.v:107]
WARNING: [VRFC 10-3380] identifier 'ir' is used before its declaration [D:/PROJECT_WORK_SUT/Smart Home Microprocessor/CPU-8Bit/CPU_8/CPU_8.srcs/sources_1/new/CPU.v:109]
WARNING: [VRFC 10-3380] identifier 'stage' is used before its declaration [D:/PROJECT_WORK_SUT/Smart Home Microprocessor/CPU-8Bit/CPU_8/CPU_8.srcs/sources_1/new/CPU.v:119]
WARNING: [VRFC 10-3380] identifier 'ir' is used before its declaration [D:/PROJECT_WORK_SUT/Smart Home Microprocessor/CPU-8Bit/CPU_8/CPU_8.srcs/sources_1/new/CPU.v:129]
WARNING: [VRFC 10-3380] identifier 'ir' is used before its declaration [D:/PROJECT_WORK_SUT/Smart Home Microprocessor/CPU-8Bit/CPU_8/CPU_8.srcs/sources_1/new/CPU.v:131]
WARNING: [VRFC 10-3380] identifier 'ir' is used before its declaration [D:/PROJECT_WORK_SUT/Smart Home Microprocessor/CPU-8Bit/CPU_8/CPU_8.srcs/sources_1/new/CPU.v:133]
WARNING: [VRFC 10-3380] identifier 'ir' is used before its declaration [D:/PROJECT_WORK_SUT/Smart Home Microprocessor/CPU-8Bit/CPU_8/CPU_8.srcs/sources_1/new/CPU.v:135]
WARNING: [VRFC 10-3380] identifier 'ir' is used before its declaration [D:/PROJECT_WORK_SUT/Smart Home Microprocessor/CPU-8Bit/CPU_8/CPU_8.srcs/sources_1/new/CPU.v:145]
WARNING: [VRFC 10-3380] identifier 'ir' is used before its declaration [D:/PROJECT_WORK_SUT/Smart Home Microprocessor/CPU-8Bit/CPU_8/CPU_8.srcs/sources_1/new/CPU.v:147]
WARNING: [VRFC 10-3380] identifier 'ir' is used before its declaration [D:/PROJECT_WORK_SUT/Smart Home Microprocessor/CPU-8Bit/CPU_8/CPU_8.srcs/sources_1/new/CPU.v:157]
WARNING: [VRFC 10-3380] identifier 'ir' is used before its declaration [D:/PROJECT_WORK_SUT/Smart Home Microprocessor/CPU-8Bit/CPU_8/CPU_8.srcs/sources_1/new/CPU.v:159]
WARNING: [VRFC 10-3380] identifier 'ir' is used before its declaration [D:/PROJECT_WORK_SUT/Smart Home Microprocessor/CPU-8Bit/CPU_8/CPU_8.srcs/sources_1/new/CPU.v:168]
WARNING: [VRFC 10-3380] identifier 'ir' is used before its declaration [D:/PROJECT_WORK_SUT/Smart Home Microprocessor/CPU-8Bit/CPU_8/CPU_8.srcs/sources_1/new/CPU.v:178]
WARNING: [VRFC 10-3380] identifier 'ir' is used before its declaration [D:/PROJECT_WORK_SUT/Smart Home Microprocessor/CPU-8Bit/CPU_8/CPU_8.srcs/sources_1/new/CPU.v:180]
WARNING: [VRFC 10-3380] identifier 'ir' is used before its declaration [D:/PROJECT_WORK_SUT/Smart Home Microprocessor/CPU-8Bit/CPU_8/CPU_8.srcs/sources_1/new/CPU.v:189]
WARNING: [VRFC 10-3380] identifier 'stage' is used before its declaration [D:/PROJECT_WORK_SUT/Smart Home Microprocessor/CPU-8Bit/CPU_8/CPU_8.srcs/sources_1/new/CPU.v:198]
WARNING: [VRFC 10-3380] identifier 'stage' is used before its declaration [D:/PROJECT_WORK_SUT/Smart Home Microprocessor/CPU-8Bit/CPU_8/CPU_8.srcs/sources_1/new/CPU.v:208]
WARNING: [VRFC 10-3380] identifier 'ir' is used before its declaration [D:/PROJECT_WORK_SUT/Smart Home Microprocessor/CPU-8Bit/CPU_8/CPU_8.srcs/sources_1/new/CPU.v:217]
WARNING: [VRFC 10-3380] identifier 'ir' is used before its declaration [D:/PROJECT_WORK_SUT/Smart Home Microprocessor/CPU-8Bit/CPU_8/CPU_8.srcs/sources_1/new/CPU.v:219]
WARNING: [VRFC 10-3380] identifier 'ir' is used before its declaration [D:/PROJECT_WORK_SUT/Smart Home Microprocessor/CPU-8Bit/CPU_8/CPU_8.srcs/sources_1/new/CPU.v:221]
WARNING: [VRFC 10-3380] identifier 'ir' is used before its declaration [D:/PROJECT_WORK_SUT/Smart Home Microprocessor/CPU-8Bit/CPU_8/CPU_8.srcs/sources_1/new/CPU.v:230]
WARNING: [VRFC 10-3380] identifier 'ir' is used before its declaration [D:/PROJECT_WORK_SUT/Smart Home Microprocessor/CPU-8Bit/CPU_8/CPU_8.srcs/sources_1/new/CPU.v:232]
WARNING: [VRFC 10-3380] identifier 'pc' is used before its declaration [D:/PROJECT_WORK_SUT/Smart Home Microprocessor/CPU-8Bit/CPU_8/CPU_8.srcs/sources_1/new/CPU.v:240]
